Wed 23 Aug 2023 06:38:34 PM UTC: 
 tests:  0|6
total_score: 0/70
1a4cf1b
Wed 23 Aug 2023 06:58:49 PM UTC: 
 list.c | 14 ++++++++++++--
 1 file changed, 12 insertions(+), 2 deletions(-)
 tests:  1|5
total_score: 10/70
35c069a
Wed 23 Aug 2023 06:59:54 PM UTC: 
 list.c | 4 ++--
 1 file changed, 2 insertions(+), 2 deletions(-)
 tests:  1|5
total_score: 10/70
660ba75
Wed 23 Aug 2023 07:01:32 PM UTC: 
 list.c | 12 ++++++------
 1 file changed, 6 insertions(+), 6 deletions(-)
 tests:  1|5
total_score: 10/70
5a0eecf
Wed 23 Aug 2023 07:08:36 PM UTC: 
 list.c | 2 +-
 1 file changed, 1 insertion(+), 1 deletion(-)
In file included from test.c:5:
list.c: In function ‘createList’:
list.c:33:3: error: unknown type name ‘Lista’; did you mean ‘List’?
   33 |   Lista *nueva_lista = (List *)malloc(sizeof(List));
      |   ^~~~~
      |   List
list.c:33:24: error: initialization of ‘int *’ from incompatible pointer type ‘List *’ {aka ‘struct List *’} [-Werror=incompatible-pointer-types]
   33 |   Lista *nueva_lista = (List *)malloc(sizeof(List));
      |                        ^
list.c:38:14: error: request for member ‘head’ in something not a structure or union
   38 |   nueva_lista->head = NULL;
      |              ^~
list.c:39:14: error: request for member ‘tail’ in something not a structure or union
   39 |   nueva_lista->tail = NULL;
      |              ^~
list.c:40:14: error: request for member ‘current’ in something not a structure or union
   40 |   nueva_lista->current = NULL;
      |              ^~
list.c:41:10: error: returning ‘int *’ from a function with incompatible return type ‘List *’ {aka ‘struct List *’} [-Werror=incompatible-pointer-types]
   41 |   return nueva_lista;
      |          ^~~~~~~~~~~
cc1: all warnings being treated as errors
Compilation failed
c3d3e43
Wed 23 Aug 2023 07:08:53 PM UTC: 
 list.c | 2 +-
 1 file changed, 1 insertion(+), 1 deletion(-)
 tests:  1|5
total_score: 10/70
345b4aa
Wed 23 Aug 2023 07:09:06 PM UTC: 
 list.c | 8 +++++++-
 1 file changed, 7 insertions(+), 1 deletion(-)
 tests:  2|5
total_score: 15/70
02f2076
Wed 23 Aug 2023 07:13:29 PM UTC: 
 list.c | 7 +++++--
 1 file changed, 5 insertions(+), 2 deletions(-)
 tests:  2|5
total_score: 15/70
ab36d24
Wed 23 Aug 2023 07:13:58 PM UTC: 
 list.c | 11 ++++++++++-
 1 file changed, 10 insertions(+), 1 deletion(-)
 tests:  5|4
total_score: 25/70
82ebefe
Wed 23 Aug 2023 07:21:30 PM UTC: 
 list.c | 12 ++++++++++--
 1 file changed, 10 insertions(+), 2 deletions(-)
 tests:  6|4
total_score: 25/70
43d8c31
Wed 23 Aug 2023 07:21:54 PM UTC: 
 list.c | 8 +++++++-
 1 file changed, 7 insertions(+), 1 deletion(-)
 tests:  9|3
total_score: 35/70
f8c99ee
Wed 23 Aug 2023 07:22:40 PM UTC: 
 list.c | 8 +++++---
 1 file changed, 5 insertions(+), 3 deletions(-)
 tests:  9|3
total_score: 35/70
5581e8e
Thu 24 Aug 2023 09:03:34 PM UTC: 
 list.c | 2 +-
 1 file changed, 1 insertion(+), 1 deletion(-)
 tests:  9|3
total_score: 35/70
3cce9f5
Thu 24 Aug 2023 09:04:34 PM UTC: 
 list.c | 6 ++----
 1 file changed, 2 insertions(+), 4 deletions(-)
 tests:  9|3
total_score: 35/70
cef920f
Thu 24 Aug 2023 09:05:34 PM UTC: 
 list.c | 5 +----
 1 file changed, 1 insertion(+), 4 deletions(-)
In file included from test.c:5:
list.c: In function ‘nextList’:
list.c:58:14: error: expected ‘;’ before ‘:’ token
   58 |   return NULL:
      |              ^
Compilation failed
51ac932
Thu 24 Aug 2023 09:05:40 PM UTC: 
 list.c | 2 +-
 1 file changed, 1 insertion(+), 1 deletion(-)
 tests:  9|3
total_score: 35/70
a010e52
Thu 24 Aug 2023 09:06:51 PM UTC: 
 list.c | 3 ---
 1 file changed, 3 deletions(-)
 tests:  9|3
total_score: 35/70
256715b
Thu 24 Aug 2023 09:07:07 PM UTC: 
 list.c | 3 ---
 1 file changed, 3 deletions(-)
 tests:  9|3
total_score: 35/70
514bfd1
Thu 24 Aug 2023 09:11:36 PM UTC: 
 list.c | 12 +++++++++++-
 1 file changed, 11 insertions(+), 1 deletion(-)
 tests:  10|2
total_score: 45/70
c7a2e5e
Thu 24 Aug 2023 09:12:46 PM UTC: 
 list.c | 19 +++++++++++--------
 1 file changed, 11 insertions(+), 8 deletions(-)
 tests:  10|2
total_score: 45/70
a3fcd0a
Thu 24 Aug 2023 09:13:09 PM UTC: 
 list.c | 12 ++++++------
 1 file changed, 6 insertions(+), 6 deletions(-)
 tests:  10|2
total_score: 45/70
3c11dd3
Thu 24 Aug 2023 09:13:30 PM UTC: 
 list.c | 7 ++-----
 1 file changed, 2 insertions(+), 5 deletions(-)
 tests:  10|2
total_score: 45/70
62cb2a1
Thu 24 Aug 2023 09:14:20 PM UTC: 
 list.c | 20 +++++++++++---------
 1 file changed, 11 insertions(+), 9 deletions(-)
 tests:  10|2
total_score: 45/70
ebb7fec
Thu 24 Aug 2023 09:16:13 PM UTC: 
 list.c | 20 +++++++++++++-------
 1 file changed, 13 insertions(+), 7 deletions(-)
 tests:  10|2
total_score: 45/70
ad60365
Thu 24 Aug 2023 09:18:14 PM UTC: 
 list.c | 23 ++++++++++++++++++++---
 1 file changed, 20 insertions(+), 3 deletions(-)
 tests:  11|1
total_score: 55/70
6d3c03d
Thu 24 Aug 2023 09:21:25 PM UTC: 
 list.c | 18 ++++++++++--------
 1 file changed, 10 insertions(+), 8 deletions(-)
 tests:  11|1
total_score: 55/70
3c60ca7
Thu 24 Aug 2023 09:22:31 PM UTC: 
 list.c | 7 +++----
 1 file changed, 3 insertions(+), 4 deletions(-)
In file included from test.c:5:
list.c: In function ‘popCurrent’:
list.c:137:1: error: expected ‘=’, ‘,’, ‘;’, ‘asm’ or ‘__attribute__’ before ‘{’ token
  137 | {
      | ^
test.c:9:1: error: parameter ‘test_id’ is initialized
    9 | int test_id = -1;
      | ^~~
test.c:12:14: error: expected ‘=’, ‘,’, ‘;’, ‘asm’ or ‘__attribute__’ before ‘{’ token
   12 | int success(){
      |              ^
test.c:17:24: error: expected ‘=’, ‘,’, ‘;’, ‘asm’ or ‘__attribute__’ before ‘{’ token
   17 | void err_msg(char* msg){
      |                        ^
test.c:24:23: error: expected ‘=’, ‘,’, ‘;’, ‘asm’ or ‘__attribute__’ before ‘{’ token
   24 | void ok_msg(char* msg){
      |                       ^
test.c:30:25: error: expected ‘=’, ‘,’, ‘;’, ‘asm’ or ‘__attribute__’ before ‘{’ token
   30 | void info_msg(char* msg){
      |                         ^
test.c:35:75: error: expected ‘=’, ‘,’, ‘;’, ‘asm’ or ‘__attribute__’ before ‘{’ token
   35 | int test_suite(int(*test)(), char* msg, int max_score, int id, int req_id){
      |                                                                           ^
test.c:51:26: error: expected ‘=’, ‘,’, ‘;’, ‘asm’ or ‘__attribute__’ before ‘{’ token
   51 | List* initialize_exList(){
      |                          ^
test.c:73:29: error: expected ‘=’, ‘,’, ‘;’, ‘asm’ or ‘__attribute__’ before ‘{’ token
   73 | List* initialize_emptyList(){
      |                             ^
test.c:83:18: error: expected ‘=’, ‘,’, ‘;’, ‘asm’ or ‘__attribute__’ before ‘{’ token
   83 | int test_create(){
      |                  ^
test.c:98:22: error: expected ‘=’, ‘,’, ‘;’, ‘asm’ or ‘__attribute__’ before ‘{’ token
   98 | int test_first_next(){
      |                      ^
test.c:171:21: error: expected ‘=’, ‘,’, ‘;’, ‘asm’ or ‘__attribute__’ before ‘{’ token
  171 | int test_last_prev(){
      |                     ^
test.c:233:21: error: expected ‘=’, ‘,’, ‘;’, ‘asm’ or ‘__attribute__’ before ‘{’ token
  233 | int test_pushfront(){
      |                     ^
test.c:298:23: error: expected ‘=’, ‘,’, ‘;’, ‘asm’ or ‘__attribute__’ before ‘{’ token
  298 | int test_pushcurrent(){
      |                       ^
test.c:357:22: error: expected ‘=’, ‘,’, ‘;’, ‘asm’ or ‘__attribute__’ before ‘{’ token
  357 | int test_popcurrent(){
      |                      ^
test.c:448:36: error: expected ‘=’, ‘,’, ‘;’, ‘asm’ or ‘__attribute__’ before ‘{’ token
  448 | int main( int argc, char *argv[] ) {
      |                                    ^
In file included from test.c:5:
list.c:134:8: error: old-style parameter declarations in prototyped function definition
  134 | void * popCurrent(List * list)
      |        ^~~~~~~~~~
test.c:469: error: expected ‘{’ at end of input
test.c:469: error: control reaches end of non-void function [-Werror=return-type]
cc1: all warnings being treated as errors
Compilation failed
d7924c1
Thu 24 Aug 2023 09:23:38 PM UTC: 
 list.c | 12 ++++++------
 1 file changed, 6 insertions(+), 6 deletions(-)
In file included from test.c:5:
list.c: In function ‘popCurrent’:
list.c:137:1: error: expected ‘=’, ‘,’, ‘;’, ‘asm’ or ‘__attribute__’ before ‘{’ token
  137 | {
      | ^
test.c:9:1: error: parameter ‘test_id’ is initialized
    9 | int test_id = -1;
      | ^~~
test.c:12:14: error: expected ‘=’, ‘,’, ‘;’, ‘asm’ or ‘__attribute__’ before ‘{’ token
   12 | int success(){
      |              ^
test.c:17:24: error: expected ‘=’, ‘,’, ‘;’, ‘asm’ or ‘__attribute__’ before ‘{’ token
   17 | void err_msg(char* msg){
      |                        ^
test.c:24:23: error: expected ‘=’, ‘,’, ‘;’, ‘asm’ or ‘__attribute__’ before ‘{’ token
   24 | void ok_msg(char* msg){
      |                       ^
test.c:30:25: error: expected ‘=’, ‘,’, ‘;’, ‘asm’ or ‘__attribute__’ before ‘{’ token
   30 | void info_msg(char* msg){
      |                         ^
test.c:35:75: error: expected ‘=’, ‘,’, ‘;’, ‘asm’ or ‘__attribute__’ before ‘{’ token
   35 | int test_suite(int(*test)(), char* msg, int max_score, int id, int req_id){
      |                                                                           ^
test.c:51:26: error: expected ‘=’, ‘,’, ‘;’, ‘asm’ or ‘__attribute__’ before ‘{’ token
   51 | List* initialize_exList(){
      |                          ^
test.c:73:29: error: expected ‘=’, ‘,’, ‘;’, ‘asm’ or ‘__attribute__’ before ‘{’ token
   73 | List* initialize_emptyList(){
      |                             ^
test.c:83:18: error: expected ‘=’, ‘,’, ‘;’, ‘asm’ or ‘__attribute__’ before ‘{’ token
   83 | int test_create(){
      |                  ^
test.c:98:22: error: expected ‘=’, ‘,’, ‘;’, ‘asm’ or ‘__attribute__’ before ‘{’ token
   98 | int test_first_next(){
      |                      ^
test.c:171:21: error: expected ‘=’, ‘,’, ‘;’, ‘asm’ or ‘__attribute__’ before ‘{’ token
  171 | int test_last_prev(){
      |                     ^
test.c:233:21: error: expected ‘=’, ‘,’, ‘;’, ‘asm’ or ‘__attribute__’ before ‘{’ token
  233 | int test_pushfront(){
      |                     ^
test.c:298:23: error: expected ‘=’, ‘,’, ‘;’, ‘asm’ or ‘__attribute__’ before ‘{’ token
  298 | int test_pushcurrent(){
      |                       ^
test.c:357:22: error: expected ‘=’, ‘,’, ‘;’, ‘asm’ or ‘__attribute__’ before ‘{’ token
  357 | int test_popcurrent(){
      |                      ^
test.c:448:36: error: expected ‘=’, ‘,’, ‘;’, ‘asm’ or ‘__attribute__’ before ‘{’ token
  448 | int main( int argc, char *argv[] ) {
      |                                    ^
In file included from test.c:5:
list.c:134:8: error: old-style parameter declarations in prototyped function definition
  134 | void * popCurrent(List * list)
      |        ^~~~~~~~~~
test.c:469: error: expected ‘{’ at end of input
test.c:469: error: control reaches end of non-void function [-Werror=return-type]
cc1: all warnings being treated as errors
Compilation failed
f7bcb2a
Thu 24 Aug 2023 09:23:58 PM UTC: 
 list.c | 4 +++-
 1 file changed, 3 insertions(+), 1 deletion(-)
 tests:  11|1
total_score: 55/70
3820860
Thu 24 Aug 2023 09:29:35 PM UTC: 
 list.c | 25 +++++++++++++++++++++++++
 1 file changed, 25 insertions(+)
 tests:  12|0
total_score: 70/70
f6d253f
Thu 24 Aug 2023 09:31:44 PM UTC: 
 list.c | 2 +-
 1 file changed, 1 insertion(+), 1 deletion(-)
 tests:  12|0
total_score: 70/70
f41463d
Thu 24 Aug 2023 09:32:40 PM UTC: 
 list.c | 2 +-
 1 file changed, 1 insertion(+), 1 deletion(-)
 tests:  12|0
total_score: 70/70
a890a0a
